#
# A fatal error has been detected by the Java Runtime Environment:
#
#  SIGSEGV (0xb) at pc=0x0000000113096447, pid=63119, tid=55299
#
# JRE version: Java(TM) SE Runtime Environment (10.0.2+13) (build 10.0.2+13)
# Java VM: Java HotSpot(TM) 64-Bit Server VM (10.0.2+13, mixed mode, tiered, compressed oops, g1 gc, bsd-amd64)
# Problematic frame:
# C  [libawt_lwawt.dylib+0x1c447]  OGLSD_SetScratchSurface+0x1f
#
# No core dump will be written. Core dumps have been disabled. To enable core dumping, try "ulimit -c unlimited" before starting Java again
#
# If you would like to submit a bug report, please visit:
#   http://bugreport.java.com/bugreport/crash.jsp
# The crash happened outside the Java Virtual Machine in native code.
# See problematic frame for where to report the bug.
#

---------------  S U M M A R Y ------------

Command Line: -javaagent:/Applications/IntelliJ IDEA CE.app/Contents/lib/idea_rt.jar=57461:/Applications/IntelliJ IDEA CE.app/Contents/bin -Dfile.encoding=UTF-8 ArabicToRomanTest

Host: MacBookPro11,1 x86_64 2800 MHz, 4 cores, 8G, Darwin 17.7.0
Time: Tue Sep 25 17:43:42 2018 CDT elapsed time: 49109 seconds (0d 13h 38m 29s)

---------------  T H R E A D  ---------------

Current thread (0x00007fb4bb2cd000):  JavaThread "Java2D Queue Flusher" daemon [_thread_in_native, id=55299, stack(0x000070000b2dd000,0x000070000b3dd000)]

Stack: [0x000070000b2dd000,0x000070000b3dd000],  sp=0x000070000b3dc8d0,  free space=1022k
Native frames: (J=compiled Java code, A=aot compiled Java code, j=interpreted, Vv=VM code, C=native code)
C  [libawt_lwawt.dylib+0x1c447]  OGLSD_SetScratchSurface+0x1f
C  [libawt_lwawt.dylib+0x41d83]  Java_sun_java2d_opengl_OGLRenderQueue_flushBuffer+0x643
J 1848  sun.java2d.opengl.OGLRenderQueue.flushBuffer(JI)V java.desktop@10.0.2 (0 bytes) @ 0x0000000126087ced [0x0000000126087c40+0x00000000000000ad]
J 2000 c1 sun.java2d.opengl.OGLRenderQueue.flushBuffer()V java.desktop@10.0.2 (41 bytes) @ 0x000000011ee89a1c [0x000000011ee89900+0x000000000000011c]
J 1924% c2 sun.java2d.opengl.OGLRenderQueue$QueueFlusher.run()V java.desktop@10.0.2 (234 bytes) @ 0x000000012608e118 [0x000000012608dd20+0x00000000000003f8]
j  java.lang.Thread.run()V+11 java.base@10.0.2
v  ~StubRoutines::call_stub
V  [libjvm.dylib+0x3d8c0e]  _ZN9JavaCalls11call_helperEP9JavaValueRK12methodHandleP17JavaCallArgumentsP6Thread+0x216
V  [libjvm.dylib+0x3d8222]  _ZN9JavaCalls12call_virtualEP9JavaValueP5KlassP6SymbolS5_P17JavaCallArgumentsP6Thread+0x12a
V  [libjvm.dylib+0x3d82e2]  _ZN9JavaCalls12call_virtualEP9JavaValue6HandleP5KlassP6SymbolS6_P6Thread+0x6a
V  [libjvm.dylib+0x454078]  _ZL12thread_entryP10JavaThreadP6Thread+0x77
V  [libjvm.dylib+0x74679c]  _ZN10JavaThread17thread_main_innerEv+0x86
V  [libjvm.dylib+0x633a5f]  _ZL19thread_native_entryP6Thread+0x12b
C  [libsystem_pthread.dylib+0x3661]  _pthread_body+0x154
C  [libsystem_pthread.dylib+0x350d]  _pthread_body+0x0
C  [libsystem_pthread.dylib+0x2bf9]  thread_start+0xd
C  0x0000000000000000

Java frames: (J=compiled Java code, j=interpreted, Vv=VM code)
J 1848  sun.java2d.opengl.OGLRenderQueue.flushBuffer(JI)V java.desktop@10.0.2 (0 bytes) @ 0x0000000126087c78 [0x0000000126087c40+0x0000000000000038]
J 2000 c1 sun.java2d.opengl.OGLRenderQueue.flushBuffer()V java.desktop@10.0.2 (41 bytes) @ 0x000000011ee89a1c [0x000000011ee89900+0x000000000000011c]
J 1924% c2 sun.java2d.opengl.OGLRenderQueue$QueueFlusher.run()V java.desktop@10.0.2 (234 bytes) @ 0x000000012608e118 [0x000000012608dd20+0x00000000000003f8]
j  java.lang.Thread.run()V+11 java.base@10.0.2
v  ~StubRoutines::call_stub

siginfo: si_signo: 11 (SIGSEGV), si_code: 1 (SEGV_MAPERR), si_addr: 0x0000000000000002

Register to memory mapping:

RAX=0x00000001130bbd5b: Java_sun_java2d_opengl_OGLRenderQueue_flushBuffer+0x61b in /Library/Java/JavaVirtualMachines/jdk-10.0.2.jdk/Contents/Home/lib/libawt_lwawt.dylib at 0x000000011307a000
RBX=0x00007fb4b9950c10 is an unknown value
RCX=0x0000000000000047 is an unknown value
RDX=0x00007fb4b9950c00 is an unknown value
RSP=0x000070000b3dc8d0 is pointing into the stack for thread: 0x00007fb4bb2cd000
RBP=0x000070000b3dc900 is pointing into the stack for thread: 0x00007fb4bb2cd000
RSI=0x00007fb4b9461170 is an unknown value
RDI=0x00007fb4bb2cd270 is an unknown value
R8 =0x00000000000000f0 is an unknown value
R9 =0xffffffff00000000 is an unknown value
R10=0x0000000126087c78 is at entry_point+56 in (nmethod*)0x0000000126087a90
R11=0x0000000000000000 is an unknown value
R12=0x00007fb4b9950c08 is an unknown value
R13=0x0000000000000002 is an unknown value
R14=0x000070000b3dca48 is pointing into the stack for thread: 0x00007fb4bb2cd000
R15=0x00007fb4bb2cd270 is an unknown value


Registers:
RAX=0x00000001130bbd5b, RBX=0x00007fb4b9950c10, RCX=0x0000000000000047, RDX=0x00007fb4b9950c00
RSP=0x000070000b3dc8d0, RBP=0x000070000b3dc900, RSI=0x00007fb4b9461170, RDI=0x00007fb4bb2cd270
R8 =0x00000000000000f0, R9 =0xffffffff00000000, R10=0x0000000126087c78, R11=0x0000000000000000
R12=0x00007fb4b9950c08, R13=0x0000000000000002, R14=0x000070000b3dca48, R15=0x00007fb4bb2cd270
RIP=0x0000000113096447, EFLAGS=0x0000000000010202, ERR=0x0000000000000004
  TRAPNO=0x000000000000000e

Top of Stack: (sp=0x000070000b3dc8d0)
0x000070000b3dc8d0:   00000001130bbd5b 00007fb4b9950c10
0x000070000b3dc8e0:   00007fb4b9950c08 00007fb4b9950c20
0x000070000b3dc8f0:   000070000b3dca48 00007fb4b9461170
0x000070000b3dc900:   000070000b3dc980 00000001130bbd83
0x000070000b3dc910:   000070000b3dc930 000000010bd98867
0x000070000b3dc920:   000070000b3dc930 000000010bd98819
0x000070000b3dc930:   000070000b3dc940 000000010bd98719
0x000070000b3dc940:   000070000b3dc960 000000000bd9869e
0x000070000b3dc950:   00007fb4bb2cd270 0000000162ceabd8
0x000070000b3dc960:   0000000000000000 00000007400cfe00
0x000070000b3dc970:   000070000b3dca48 00007fb4bb2cd000
0x000070000b3dc980:   000070000b3dc9d0 0000000126087ced
0x000070000b3dc990:   0000000740229690 00007fb400000005
0x000070000b3dc9a0:   00007fb4bb2cd000 000000010bd98501
0x000070000b3dc9b0:   00007fb4b94c60b0 00000007400cfe00
0x000070000b3dc9c0:   00007fb4bb2cd000 00007fb4bb2cd000
0x000070000b3dc9d0:   00000007400cfe00 000000011ee89a1c
0x000070000b3dc9e0:   000070000b3dca48 00007fb4bb2cd000
0x000070000b3dc9f0:   000070000b3dca40 000000012606b1eb
0x000070000b3dca00:   00000007400cfe00 0000000162ceae18
0x000070000b3dca10:   0000000747152b70 000000013361d8f8
0x000070000b3dca20:   0000000000000000 000070000b3dca50
0x000070000b3dca30:   0000000740229690 000000012608e118
0x000070000b3dca40:   00000007400cfe00 000000012608e118
0x000070000b3dca50:   0000000133621e68 00000007400cfe00
0x000070000b3dca60:   0000700000000000 000070000b3dcae8
0x000070000b3dca70:   0000000000000001 0000000000000000
0x000070000b3dca80:   000070000b3dcae8 000000011e539f88
0x000070000b3dca90:   000000074710efc0 000000074710efc0
0x000070000b3dcaa0:   000070000b3dcaa0 00000001124a11db
0x000070000b3dcab0:   000070000b3dcaf8 000000011257ed80
0x000070000b3dcac0:   0000000000000000 00000007400d9460 

Instructions: (pc=0x0000000113096447)
0x0000000113096427:   c3 55 48 89 e5 41 57 41 56 41 55 41 54 53 50 49
0x0000000113096437:   89 ff 48 85 f6 74 57 4c 8b 6e 10 4d 85 ed 74 57
0x0000000113096447:   49 8b 5d 00 31 c0 e8 08 f4 02 00 49 89 c6 48 8b
0x0000000113096457:   3b 48 8b 35 f1 77 06 00 ff 15 c3 b0 05 00 48 85 


---------------  P R O C E S S  ---------------

Threads class SMR info:
_java_thread_list=0x00007fb4b97b8b70, length=17, elements={
0x00007fb4ba80b800, 0x00007fb4b981d000, 0x00007fb4ba811000, 0x00007fb4ba824800,
0x00007fb4ba825800, 0x00007fb4ba826800, 0x00007fb4bb08a800, 0x00007fb4b9822800,
0x00007fb4b98a4000, 0x00007fb4b98a5000, 0x00007fb4b98c9000, 0x00007fb4ba8f5800,
0x00007fb4bb2cd000, 0x00007fb4bb2fe000, 0x00007fb4ba362800, 0x00007fb4bb3cc000,
0x00007fb4bada5000
}

Java Threads: ( => current thread )
  0x00007fb4ba80b800 JavaThread "Reference Handler" daemon [_thread_blocked, id=17155, stack(0x000070000a4ad000,0x000070000a5ad000)]
  0x00007fb4b981d000 JavaThread "Finalizer" daemon [_thread_blocked, id=14339, stack(0x000070000a5b0000,0x000070000a6b0000)]
  0x00007fb4ba811000 JavaThread "Signal Dispatcher" daemon [_thread_blocked, id=22019, stack(0x000070000a6b3000,0x000070000a7b3000)]
  0x00007fb4ba824800 JavaThread "C2 CompilerThread0" daemon [_thread_blocked, id=22787, stack(0x000070000a7b6000,0x000070000a8b6000)]
  0x00007fb4ba825800 JavaThread "C2 CompilerThread1" daemon [_thread_blocked, id=41731, stack(0x000070000a8b9000,0x000070000a9b9000)]
  0x00007fb4ba826800 JavaThread "C1 CompilerThread2" daemon [_thread_blocked, id=40963, stack(0x000070000a9bc000,0x000070000aabc000)]
  0x00007fb4bb08a800 JavaThread "Sweeper thread" daemon [_thread_blocked, id=23299, stack(0x000070000aabf000,0x000070000abbf000)]
  0x00007fb4b9822800 JavaThread "Common-Cleaner" daemon [_thread_blocked, id=23811, stack(0x000070000abc2000,0x000070000acc2000)]
  0x00007fb4b98a4000 JavaThread "Monitor Ctrl-Break" daemon [_thread_in_native, id=40195, stack(0x000070000acc5000,0x000070000adc5000)]
  0x00007fb4b98a5000 JavaThread "Service Thread" daemon [_thread_blocked, id=39939, stack(0x000070000adc8000,0x000070000aec8000)]
  0x00007fb4b98c9000 JavaThread "AppKit Thread" daemon [_thread_in_native, id=775, stack(0x00007ffee3e00000,0x00007ffee4600000)]
  0x00007fb4ba8f5800 JavaThread "AWT-Shutdown" [_thread_blocked, id=30723, stack(0x000070000afce000,0x000070000b0ce000)]
=>0x00007fb4bb2cd000 JavaThread "Java2D Queue Flusher" daemon [_thread_in_native, id=55299, stack(0x000070000b2dd000,0x000070000b3dd000)]
  0x00007fb4bb2fe000 JavaThread "Java2D Disposer" daemon [_thread_blocked, id=57603, stack(0x000070000b3e0000,0x000070000b4e0000)]
  0x00007fb4ba362800 JavaThread "AWT-EventQueue-0" [_thread_blocked, id=61187, stack(0x000070000b4e3000,0x000070000b5e3000)]
  0x00007fb4bb3cc000 JavaThread "DestroyJavaVM" [_thread_blocked, id=6403, stack(0x000000010cc00000,0x000000010cd00000)]
  0x00007fb4bada5000 JavaThread "TimerQueue" daemon [_thread_blocked, id=61759, stack(0x000070000b5e6000,0x000070000b6e6000)]

Other Threads:
  0x00007fb4b9811000 VMThread "VM Thread" [stack: 0x000070000a3aa000,0x000070000a4aa000] [id=17923]
  0x00007fb4bb112800 WatcherThread [stack: 0x000070000aecb000,0x000070000afcb000] [id=25091]
  0x00007fb4bb01b000 GCTaskThread "GC Thread#0" [stack: 0x0000700009889000,0x0000700009989000] [id=11267]
  0x00007fb4ba801000 GCTaskThread "GC Thread#1" [stack: 0x000070000998c000,0x0000700009a8c000] [id=20995]
  0x00007fb4ba802000 GCTaskThread "GC Thread#2" [stack: 0x0000700009a8f000,0x0000700009b8f000] [id=20483]
  0x00007fb4bb01b800 GCTaskThread "GC Thread#3" [stack: 0x0000700009b92000,0x0000700009c92000] [id=19971]
  0x00007fb4ba02f800 ConcurrentGCThread "G1 Main Marker" [stack: 0x0000700009c95000,0x0000700009d95000] [id=12035]
  0x00007fb4ba030000 ConcurrentGCThread "G1 Conc#0" [stack: 0x0000700009d98000,0x0000700009e98000] [id=19203]
  0x00007fb4ba071000 ConcurrentGCThread "G1 Refine#0" [stack: 0x0000700009e9b000,0x0000700009f9b000] [id=18691]
  0x00007fb4ba071800 ConcurrentGCThread "G1 Refine#1" [stack: 0x0000700009f9e000,0x000070000a09e000] [id=12547]
  0x00007fb4bb01c800 ConcurrentGCThread "G1 Refine#2" [stack: 0x000070000a0a1000,0x000070000a1a1000] [id=13059]
  0x00007fb4ba072800 ConcurrentGCThread "G1 Refine#3" [stack: 0x000070000a1a4000,0x000070000a2a4000] [id=13571]
  0x00007fb4ba073000 ConcurrentGCThread "G1 Young RemSet Sampling" [stack: 0x000070000a2a7000,0x000070000a3a7000] [id=14083]

Threads with active compile tasks:

VM state:not at safepoint (normal execution)

VM Mutex/Monitor currently owned by a thread: None

Heap address: 0x0000000740000000, size: 2048 MB, Compressed Oops mode: Zero based, Oop shift amount: 3
Narrow klass base: 0x0000000000000000, Narrow klass shift: 3
Compressed class space size: 1073741824 Address: 0x00000007c0000000

Heap:
 garbage-first heap   total 131072K, used 3327K [0x0000000740000000, 0x00000007c0000000)
  region size 1024K, 2 young (2048K), 1 survivors (1024K)
 Metaspace       used 17139K, capacity 17542K, committed 17920K, reserved 1064960K
  class space    used 1723K, capacity 1925K, committed 2048K, reserved 1048576K
Heap Regions: E=young(eden), S=young(survivor), O=old, HS=humongous(starts), HC=humongous(continues), CS=collection set, F=free, A=archive, TS=gc time stamp, AC=allocation context, TAMS=top-at-mark-start (previous, next)
|   0|0x0000000740000000, 0x0000000740100000, 0x0000000740100000|100%| O|  |TS  2|AC  0|TAMS 0x0000000740000000, 0x0000000740000000|
|   1|0x0000000740100000, 0x0000000740200000, 0x0000000740200000|100%| O|  |TS  2|AC  0|TAMS 0x0000000740100000, 0x0000000740100000|
|   2|0x0000000740200000, 0x00000007402df200, 0x0000000740300000| 87%| O|  |TS  2|AC  0|TAMS 0x0000000740200000, 0x0000000740200000|
|   3|0x0000000740300000, 0x0000000740300000, 0x0000000740400000|  0%| F|  |TS  0|AC  0|TAMS 0x0000000740300000, 0x0000000740300000|
|   4|0x0000000740400000, 0x0000000740400000, 0x0000000740500000|  0%| F|  |TS  0|AC  0|TAMS 0x0000000740400000, 0x0000000740400000|
|   5|0x0000000740500000, 0x0000000740500000, 0x0000000740600000|  0%| F|  |TS  0|AC  0|TAMS 0x0000000740500000, 0x0000000740500000|
|   6|0x0000000740600000, 0x0000000740600000, 0x0000000740700000|  0%| F|  |TS  0|AC  0|TAMS 0x0000000740600000, 0x0000000740600000|
|   7|0x0000000740700000, 0x0000000740700000, 0x0000000740800000|  0%| F|  |TS  0|AC  0|TAMS 0x0000000740700000, 0x0000000740700000|
|   8|0x0000000740800000, 0x0000000740800000, 0x0000000740900000|  0%| F|  |TS  0|AC  0|TAMS 0x0000000740800000, 0x0000000740800000|
|   9|0x0000000740900000, 0x0000000740900000, 0x0000000740a00000|  0%| F|  |TS  0|AC  0|TAMS 0x0000000740900000, 0x0000000740900000|
|  10|0x0000000740a00000, 0x0000000740a00000, 0x0000000740b00000|  0%| F|  |TS  0|AC  0|TAMS 0x0000000740a00000, 0x0000000740a00000|
|  11|0x0000000740b00000, 0x0000000740b00000, 0x0000000740c00000|  0%| F|  |TS  0|AC  0|TAMS 0x0000000740b00000, 0x0000000740b00000|
|  12|0x0000000740c00000, 0x0000000740c00000, 0x0000000740d00000|  0%| F|  |TS  0|AC  0|TAMS 0x0000000740c00000, 0x0000000740c00000|
|  13|0x0000000740d00000, 0x0000000740d00000, 0x0000000740e00000|  0%| F|  |TS  0|AC  0|TAMS 0x0000000740d00000, 0x0000000740d00000|
|  14|0x0000000740e00000, 0x0000000740e00000, 0x0000000740f00000|  0%| F|  |TS  0|AC  0|TAMS 0x0000000740e00000, 0x0000000740e00000|
|  15|0x0000000740f00000, 0x0000000740f00000, 0x0000000741000000|  0%| F|  |TS  0|AC  0|TAMS 0x0000000740f00000, 0x0000000740f00000|
|  16|0x0000000741000000, 0x0000000741000000, 0x0000000741100000|  0%| F|  |TS  0|AC  0|TAMS 0x0000000741000000, 0x0000000741000000|
|  17|0x0000000741100000, 0x0000000741100000, 0x0000000741200000|  0%| F|  |TS  0|AC  0|TAMS 0x0000000741100000, 0x0000000741100000|
|  18|0x0000000741200000, 0x0000000741200000, 0x0000000741300000|  0%| F|  |TS  0|AC  0|TAMS 0x0000000741200000, 0x0000000741200000|
|  19|0x0000000741300000, 0x0000000741300000, 0x0000000741400000|  0%| F|  |TS  0|AC  0|TAMS 0x0000000741300000, 0x0000000741300000|
|  20|0x0000000741400000, 0x0000000741400000, 0x0000000741500000|  0%| F|  |TS  0|AC  0|TAMS 0x0000000741400000, 0x0000000741400000|
|  21|0x0000000741500000, 0x0000000741500000, 0x0000000741600000|  0%| F|  |TS  0|AC  0|TAMS 0x0000000741500000, 0x0000000741500000|
|  22|0x0000000741600000, 0x0000000741600000, 0x0000000741700000|  0%| F|  |TS  0|AC  0|TAMS 0x0000000741600000, 0x0000000741600000|
|  23|0x0000000741700000, 0x0000000741700000, 0x0000000741800000|  0%| F|  |TS  0|AC  0|TAMS 0x0000000741700000, 0x0000000741700000|
|  24|0x0000000741800000, 0x0000000741800000, 0x0000000741900000|  0%| F|  |TS  0|AC  0|TAMS 0x0000000741800000, 0x0000000741800000|
|  25|0x0000000741900000, 0x0000000741900000, 0x0000000741a00000|  0%| F|  |TS  0|AC  0|TAMS 0x0000000741900000, 0x0000000741900000|
|  26|0x0000000741a00000, 0x0000000741a00000, 0x0000000741b00000|  0%| F|  |TS  0|AC  0|TAMS 0x0000000741a00000, 0x0000000741a00000|
|  27|0x0000000741b00000, 0x0000000741b00000, 0x0000000741c00000|  0%| F|  |TS  0|AC  0|TAMS 0x0000000741b00000, 0x0000000741b00000|
|  28|0x0000000741c00000, 0x0000000741c00000, 0x0000000741d00000|  0%| F|  |TS  0|AC  0|TAMS 0x0000000741c00000, 0x0000000741c00000|
|  29|0x0000000741d00000, 0x0000000741d00000, 0x0000000741e00000|  0%| F|  |TS  0|AC  0|TAMS 0x0000000741d00000, 0x0000000741d00000|
|  30|0x0000000741e00000, 0x0000000741e00000, 0x0000000741f00000|  0%| F|  |TS  0|AC  0|TAMS 0x0000000741e00000, 0x0000000741e00000|
|  31|0x0000000741f00000, 0x0000000741f00000, 0x0000000742000000|  0%| F|  |TS  0|AC  0|TAMS 0x0000000741f00000, 0x0000000741f00000|
|  32|0x0000000742000000, 0x0000000742000000, 0x0000000742100000|  0%| F|  |TS  0|AC  0|TAMS 0x0000000742000000, 0x0000000742000000|
|  33|0x0000000742100000, 0x0000000742100000, 0x0000000742200000|  0%| F|  |TS  0|AC  0|TAMS 0x0000000742100000, 0x0000000742100000|
|  34|0x0000000742200000, 0x0000000742200000, 0x0000000742300000|  0%| F|  |TS  0|AC  0|TAMS 0x0000000742200000, 0x0000000742200000|
|  35|0x0000000742300000, 0x0000000742300000, 0x0000000742400000|  0%| F|  |TS  0|AC  0|TAMS 0x0000000742300000, 0x0000000742300000|
|  36|0x0000000742400000, 0x0000000742400000, 0x0000000742500000|  0%| F|  |TS  0|AC  0|TAMS 0x0000000742400000, 0x0000000742400000|
|  37|0x0000000742500000, 0x0000000742500000, 0x0000000742600000|  0%| F|  |TS  0|AC  0|TAMS 0x0000000742500000, 0x0000000742500000|
|  38|0x0000000742600000, 0x0000000742600000, 0x0000000742700000|  0%| F|  |TS  0|AC  0|TAMS 0x0000000742600000, 0x0000000742600000|
|  39|0x0000000742700000, 0x0000000742700000, 0x0000000742800000|  0%| F|  |TS  0|AC  0|TAMS 0x0000000742700000, 0x0000000742700000|
|  40|0x0000000742800000, 0x0000000742800000, 0x0000000742900000|  0%| F|  |TS  0|AC  0|TAMS 0x0000000742800000, 0x0000000742800000|
|  41|0x0000000742900000, 0x0000000742900000, 0x0000000742a00000|  0%| F|  |TS  0|AC  0|TAMS 0x0000000742900000, 0x0000000742900000|
|  42|0x0000000742a00000, 0x0000000742a00000, 0x0000000742b00000|  0%| F|  |TS  0|AC  0|TAMS 0x0000000742a00000, 0x0000000742a00000|
|  43|0x0000000742b00000, 0x0000000742b00000, 0x0000000742c00000|  0%| F|  |TS  0|AC  0|TAMS 0x0000000742b00000, 0x0000000742b00000|
|  44|0x0000000742c00000, 0x0000000742c00000, 0x0000000742d00000|  0%| F|  |TS  0|AC  0|TAMS 0x0000000742c00000, 0x0000000742c00000|
|  45|0x0000000742d00000, 0x0000000742d00000, 0x0000000742e00000|  0%| F|  |TS  0|AC  0|TAMS 0x0000000742d00000, 0x0000000742d00000|
|  46|0x0000000742e00000, 0x0000000742e00000, 0x0000000742f00000|  0%| F|  |TS  0|AC  0|TAMS 0x0000000742e00000, 0x0000000742e00000|
|  47|0x0000000742f00000, 0x0000000742f00000, 0x0000000743000000|  0%| F|  |TS  0|AC  0|TAMS 0x0000000742f00000, 0x0000000742f00000|
|  48|0x0000000743000000, 0x0000000743000000, 0x0000000743100000|  0%| F|  |TS  0|AC  0|TAMS 0x0000000743000000, 0x0000000743000000|
|  49|0x0000000743100000, 0x0000000743100000, 0x0000000743200000|  0%| F|  |TS  0|AC  0|TAMS 0x0000000743100000, 0x0000000743100000|
|  50|0x0000000743200000, 0x0000000743200000, 0x0000000743300000|  0%| F|  |TS  0|AC  0|TAMS 0x0000000743200000, 0x0000000743200000|
|  51|0x0000000743300000, 0x0000000743300000, 0x0000000743400000|  0%| F|  |TS  0|AC  0|TAMS 0x0000000743300000, 0x0000000743300000|
|  52|0x0000000743400000, 0x0000000743400000, 0x0000000743500000|  0%| F|  |TS  0|AC  0|TAMS 0x0000000743400000, 0x0000000743400000|
|  53|0x0000000743500000, 0x0000000743500000, 0x0000000743600000|  0%| F|  |TS  0|AC  0|TAMS 0x0000000743500000, 0x0000000743500000|
|  54|0x0000000743600000, 0x0000000743600000, 0x0000000743700000|  0%| F|  |TS  0|AC  0|TAMS 0x0000000743600000, 0x0000000743600000|
|  55|0x0000000743700000, 0x0000000743700000, 0x0000000743800000|  0%| F|  |TS  0|AC  0|TAMS 0x0000000743700000, 0x0000000743700000|
|  56|0x0000000743800000, 0x0000000743800000, 0x0000000743900000|  0%| F|  |TS  0|AC  0|TAMS 0x0000000743800000, 0x0000000743800000|
|  57|0x0000000743900000, 0x0000000743900000, 0x0000000743a00000|  0%| F|  |TS  0|AC  0|TAMS 0x0000000743900000, 0x0000000743900000|
|  58|0x0000000743a00000, 0x0000000743a00000, 0x0000000743b00000|  0%| F|  |TS  0|AC  0|TAMS 0x0000000743a00000, 0x0000000743a00000|
|  59|0x0000000743b00000, 0x0000000743b00000, 0x0000000743c00000|  0%| F|  |TS  0|AC  0|TAMS 0x0000000743b00000, 0x0000000743b00000|
|  60|0x0000000743c00000, 0x0000000743c00000, 0x0000000743d00000|  0%| F|  |TS  0|AC  0|TAMS 0x0000000743c00000, 0x0000000743c00000|
|  61|0x0000000743d00000, 0x0000000743d00000, 0x0000000743e00000|  0%| F|  |TS  0|AC  0|TAMS 0x0000000743d00000, 0x0000000743d00000|
|  62|0x0000000743e00000, 0x0000000743e00000, 0x0000000743f00000|  0%| F|  |TS  0|AC  0|TAMS 0x0000000743e00000, 0x0000000743e00000|
|  63|0x0000000743f00000, 0x0000000743f00000, 0x0000000744000000|  0%| F|  |TS  0|AC  0|TAMS 0x0000000743f00000, 0x0000000743f00000|
|  64|0x0000000744000000, 0x0000000744000000, 0x0000000744100000|  0%| F|  |TS  0|AC  0|TAMS 0x0000000744000000, 0x0000000744000000|
|  65|0x0000000744100000, 0x0000000744100000, 0x0000000744200000|  0%| F|  |TS  0|AC  0|TAMS 0x0000000744100000, 0x0000000744100000|
|  66|0x0000000744200000, 0x0000000744200000, 0x0000000744300000|  0%| F|  |TS  0|AC  0|TAMS 0x0000000744200000, 0x0000000744200000|
|  67|0x0000000744300000, 0x0000000744300000, 0x0000000744400000|  0%| F|  |TS  0|AC  0|TAMS 0x0000000744300000, 0x0000000744300000|
|  68|0x0000000744400000, 0x0000000744400000, 0x0000000744500000|  0%| F|  |TS  0|AC  0|TAMS 0x0000000744400000, 0x0000000744400000|
|  69|0x0000000744500000, 0x0000000744500000, 0x0000000744600000|  0%| F|  |TS  0|AC  0|TAMS 0x0000000744500000, 0x0000000744500000|
|  70|0x0000000744600000, 0x0000000744600000, 0x0000000744700000|  0%| F|  |TS  0|AC  0|TAMS 0x0000000744600000, 0x0000000744600000|
|  71|0x0000000744700000, 0x0000000744700000, 0x0000000744800000|  0%| F|  |TS  0|AC  0|TAMS 0x0000000744700000, 0x0000000744700000|
|  72|0x0000000744800000, 0x0000000744800000, 0x0000000744900000|  0%| F|  |TS  0|AC  0|TAMS 0x0000000744800000, 0x0000000744800000|
|  73|0x0000000744900000, 0x0000000744900000, 0x0000000744a00000|  0%| F|  |TS  0|AC  0|TAMS 0x0000000744900000, 0x0000000744900000|
|  74|0x0000000744a00000, 0x0000000744a00000, 0x0000000744b00000|  0%| F|  |TS  0|AC  0|TAMS 0x0000000744a00000, 0x0000000744a00000|
|  75|0x0000000744b00000, 0x0000000744b00000, 0x0000000744c00000|  0%| F|  |TS  0|AC  0|TAMS 0x0000000744b00000, 0x0000000744b00000|
|  76|0x0000000744c00000, 0x0000000744c00000, 0x0000000744d00000|  0%| F|  |TS  0|AC  0|TAMS 0x0000000744c00000, 0x0000000744c00000|
|  77|0x0000000744d00000, 0x0000000744d00000, 0x0000000744e00000|  0%| F|  |TS  0|AC  0|TAMS 0x0000000744d00000, 0x0000000744d00000|
|  78|0x0000000744e00000, 0x0000000744e00000, 0x0000000744f00000|  0%| F|  |TS  0|AC  0|TAMS 0x0000000744e00000, 0x0000000744e00000|
|  79|0x0000000744f00000, 0x0000000744f00000, 0x0000000745000000|  0%| F|  |TS  0|AC  0|TAMS 0x0000000744f00000, 0x0000000744f00000|
|  80|0x0000000745000000, 0x0000000745000000, 0x0000000745100000|  0%| F|  |TS  0|AC  0|TAMS 0x0000000745000000, 0x0000000745000000|
|  81|0x0000000745100000, 0x0000000745100000, 0x0000000745200000|  0%| F|  |TS  0|AC  0|TAMS 0x0000000745100000, 0x0000000745100000|
|  82|0x0000000745200000, 0x0000000745200000, 0x0000000745300000|  0%| F|  |TS  0|AC  0|TAMS 0x0000000745200000, 0x0000000745200000|
|  83|0x0000000745300000, 0x0000000745300000, 0x0000000745400000|  0%| F|  |TS  0|AC  0|TAMS 0x0000000745300000, 0x0000000745300000|
|  84|0x0000000745400000, 0x0000000745400000, 0x0000000745500000|  0%| F|  |TS  0|AC  0|TAMS 0x0000000745400000, 0x0000000745400000|
|  85|0x0000000745500000, 0x0000000745500000, 0x0000000745600000|  0%| F|  |TS  0|AC  0|TAMS 0x0000000745500000, 0x0000000745500000|
|  86|0x0000000745600000, 0x0000000745600000, 0x0000000745700000|  0%| F|  |TS  0|AC  0|TAMS 0x0000000745600000, 0x0000000745600000|
|  87|0x0000000745700000, 0x0000000745700000, 0x0000000745800000|  0%| F|  |TS  0|AC  0|TAMS 0x0000000745700000, 0x0000000745700000|
|  88|0x0000000745800000, 0x0000000745800000, 0x0000000745900000|  0%| F|  |TS  0|AC  0|TAMS 0x0000000745800000, 0x0000000745800000|
|  89|0x0000000745900000, 0x0000000745900000, 0x0000000745a00000|  0%| F|  |TS  0|AC  0|TAMS 0x0000000745900000, 0x0000000745900000|
|  90|0x0000000745a00000, 0x0000000745a00000, 0x0000000745b00000|  0%| F|  |TS  0|AC  0|TAMS 0x0000000745a00000, 0x0000000745a00000|
|  91|0x0000000745b00000, 0x0000000745b00000, 0x0000000745c00000|  0%| F|  |TS  0|AC  0|TAMS 0x0000000745b00000, 0x0000000745b00000|
|  92|0x0000000745c00000, 0x0000000745c00000, 0x0000000745d00000|  0%| F|  |TS  0|AC  0|TAMS 0x0000000745c00000, 0x0000000745c00000|
|  93|0x0000000745d00000, 0x0000000745d00000, 0x0000000745e00000|  0%| F|  |TS  0|AC  0|TAMS 0x0000000745d00000, 0x0000000745d00000|
|  94|0x0000000745e00000, 0x0000000745e00000, 0x0000000745f00000|  0%| F|  |TS  0|AC  0|TAMS 0x0000000745e00000, 0x0000000745e00000|
|  95|0x0000000745f00000, 0x0000000745f00000, 0x0000000746000000|  0%| F|  |TS  0|AC  0|TAMS 0x0000000745f00000, 0x0000000745f00000|
|  96|0x0000000746000000, 0x0000000746000000, 0x0000000746100000|  0%| F|  |TS  0|AC  0|TAMS 0x0000000746000000, 0x0000000746000000|
|  97|0x0000000746100000, 0x0000000746100000, 0x0000000746200000|  0%| F|  |TS  0|AC  0|TAMS 0x0000000746100000, 0x0000000746100000|
|  98|0x0000000746200000, 0x0000000746200000, 0x0000000746300000|  0%| F|  |TS  0|AC  0|TAMS 0x0000000746200000, 0x0000000746200000|
|  99|0x0000000746300000, 0x0000000746300000, 0x0000000746400000|  0%| F|  |TS  0|AC  0|TAMS 0x0000000746300000, 0x0000000746300000|
| 100|0x0000000746400000, 0x0000000746400000, 0x0000000746500000|  0%| F|  |TS  0|AC  0|TAMS 0x0000000746400000, 0x0000000746400000|
| 101|0x0000000746500000, 0x0000000746500000, 0x0000000746600000|  0%| F|  |TS  0|AC  0|TAMS 0x0000000746500000, 0x0000000746500000|
| 102|0x0000000746600000, 0x0000000746600000, 0x0000000746700000|  0%| F|  |TS  0|AC  0|TAMS 0x0000000746600000, 0x0000000746600000|
| 103|0x0000000746700000, 0x0000000746700000, 0x0000000746800000|  0%| F|  |TS  0|AC  0|TAMS 0x0000000746700000, 0x0000000746700000|
| 104|0x0000000746800000, 0x0000000746800000, 0x0000000746900000|  0%| F|  |TS  0|AC  0|TAMS 0x0000000746800000, 0x0000000746800000|
| 105|0x0000000746900000, 0x0000000746900000, 0x0000000746a00000|  0%| F|  |TS  0|AC  0|TAMS 0x0000000746900000, 0x0000000746900000|
| 106|0x0000000746a00000, 0x0000000746a00000, 0x0000000746b00000|  0%| F|  |TS  0|AC  0|TAMS 0x0000000746a00000, 0x0000000746a00000|
| 107|0x0000000746b00000, 0x0000000746b00000, 0x0000000746c00000|  0%| F|  |TS  0|AC  0|TAMS 0x0000000746b00000, 0x0000000746b00000|
| 108|0x0000000746c00000, 0x0000000746c00000, 0x0000000746d00000|  0%| F|  |TS  0|AC  0|TAMS 0x0000000746c00000, 0x0000000746c00000|
| 109|0x0000000746d00000, 0x0000000746d00000, 0x0000000746e00000|  0%| F|  |TS  0|AC  0|TAMS 0x0000000746d00000, 0x0000000746d00000|
| 110|0x0000000746e00000, 0x0000000746e00000, 0x0000000746f00000|  0%| F|  |TS  0|AC  0|TAMS 0x0000000746e00000, 0x0000000746e00000|
| 111|0x0000000746f00000, 0x0000000746f00000, 0x0000000747000000|  0%| F|  |TS  0|AC  0|TAMS 0x0000000746f00000, 0x0000000746f00000|
| 112|0x0000000747000000, 0x0000000747000000, 0x0000000747100000|  0%| F|  |TS  2|AC  0|TAMS 0x0000000747000000, 0x0000000747000000|
| 113|0x0000000747100000, 0x0000000747100000, 0x0000000747200000|  0%| F|  |TS  2|AC  0|TAMS 0x0000000747100000, 0x0000000747100000|
| 114|0x0000000747200000, 0x0000000747200000, 0x0000000747300000|  0%| F|  |TS  1|AC  0|TAMS 0x0000000747200000, 0x0000000747200000|
| 115|0x0000000747300000, 0x0000000747300000, 0x0000000747400000|  0%| F|  |TS  1|AC  0|TAMS 0x0000000747300000, 0x0000000747300000|
| 116|0x0000000747400000, 0x0000000747400000, 0x0000000747500000|  0%| F|  |TS  1|AC  0|TAMS 0x0000000747400000, 0x0000000747400000|
| 117|0x0000000747500000, 0x0000000747500000, 0x0000000747600000|  0%| F|  |TS  1|AC  0|TAMS 0x0000000747500000, 0x0000000747500000|
| 118|0x0000000747600000, 0x0000000747600000, 0x0000000747700000|  0%| F|  |TS  1|AC  0|TAMS 0x0000000747600000, 0x0000000747600000|
| 119|0x0000000747700000, 0x0000000747700000, 0x0000000747800000|  0%| F|  |TS  1|AC  0|TAMS 0x0000000747700000, 0x0000000747700000|
| 120|0x0000000747800000, 0x0000000747860c40, 0x0000000747900000| 37%| S|CS|TS  2|AC  0|TAMS 0x0000000747800000, 0x0000000747800000|
| 121|0x0000000747900000, 0x0000000747900000, 0x0000000747a00000|  0%| F|  |TS  2|AC  0|TAMS 0x0000000747900000, 0x0000000747900000|
| 122|0x0000000747a00000, 0x0000000747a00000, 0x0000000747b00000|  0%| F|  |TS  2|AC  0|TAMS 0x0000000747a00000, 0x0000000747a00000|
| 123|0x0000000747b00000, 0x0000000747b00000, 0x0000000747c00000|  0%| F|  |TS  2|AC  0|TAMS 0x0000000747b00000, 0x0000000747b00000|
| 124|0x0000000747c00000, 0x0000000747c00000, 0x0000000747d00000|  0%| F|  |TS  2|AC  0|TAMS 0x0000000747c00000, 0x0000000747c00000|
| 125|0x0000000747d00000, 0x0000000747d00000, 0x0000000747e00000|  0%| F|  |TS  2|AC  0|TAMS 0x0000000747d00000, 0x0000000747d00000|
| 126|0x0000000747e00000, 0x0000000747e00000, 0x0000000747f00000|  0%| F|  |TS  2|AC  0|TAMS 0x0000000747e00000, 0x0000000747e00000|
| 127|0x0000000747f00000, 0x0000000748000000, 0x0000000748000000|100%| E|  |TS  2|AC  0|TAMS 0x0000000747f00000, 0x0000000747f00000|

Card table byte_map: [0x000000010d7a1000,0x000000010dba1000] byte_map_base: 0x0000000109da1000

Marking Bits (Prev, Next): (CMBitMap*) 0x00007fb4ba02ea60, (CMBitMap*) 0x00007fb4ba02ea98
 Prev Bits: [0x000000010dfa1000, 0x000000010ffa1000)
 Next Bits: [0x000000010ffa1000, 0x0000000111fa1000)

Polling page: 0x000000010c3e1000

CodeHeap 'non-profiled nmethods': size=120032Kb used=723Kb max_used=723Kb free=119308Kb
 bounds [0x0000000125ff8000, 0x0000000126268000, 0x000000012d530000]
CodeHeap 'profiled nmethods': size=120032Kb used=4269Kb max_used=4269Kb free=115762Kb
 bounds [0x000000011eac0000, 0x000000011eef0000, 0x0000000125ff8000]
CodeHeap 'non-nmethods': size=5696Kb used=1213Kb max_used=1252Kb free=4482Kb
 bounds [0x000000011e530000, 0x000000011e7a0000, 0x000000011eac0000]
 total_blobs=3118 nmethods=2159 adapters=523
 compilation: enabled

Compilation events (10 events):
Event: 49109.451 Thread 0x00007fb4ba826800 nmethod 2155 0x000000011eeea210 code [0x000000011eeea3e0, 0x000000011eeea608]
Event: 49109.451 Thread 0x00007fb4ba826800 2156       3       javax.swing.text.Utilities::getTabbedTextWidth (17 bytes)
Event: 49109.451 Thread 0x00007fb4ba826800 nmethod 2156 0x000000011eeea710 code [0x000000011eeea8e0, 0x000000011eeeaa88]
Event: 49109.453 Thread 0x00007fb4ba826800 2157       1       java.awt.geom.Rectangle2D$Float::getWidth (6 bytes)
Event: 49109.453 Thread 0x00007fb4ba826800 nmethod 2157 0x00000001260a8b10 code [0x00000001260a8cc0, 0x00000001260a8dd0]
Event: 49109.453 Thread 0x00007fb4ba825800 2158       4       sun.font.FontDesignMetrics::getDefaultFrc (53 bytes)
Event: 49109.454 Thread 0x00007fb4ba825800 nmethod 2158 0x00000001260a8e10 code [0x00000001260a8fa0, 0x00000001260a9018]
Event: 49109.478 Thread 0x00007fb4ba824800 nmethod 2149 0x00000001260a9090 code [0x00000001260a9420, 0x00000001260ac068]
Event: 49109.539 Thread 0x00007fb4ba826800 2159       3       java.awt.Component::canBeFocusOwner (32 bytes)
Event: 49109.540 Thread 0x00007fb4ba826800 nmethod 2159 0x000000011eeeab90 code [0x000000011eeead80, 0x000000011eeeb4f0]

GC Heap History (4 events):
Event: 36.671 GC heap before
{Heap before GC invocations=0 (full 0):
 garbage-first heap   total 131072K, used 14336K [0x0000000740000000, 0x00000007c0000000)
  region size 1024K, 14 young (14336K), 0 survivors (0K)
 Metaspace       used 15875K, capacity 16297K, committed 16512K, reserved 1064960K
  class space    used 1640K, capacity 1853K, committed 1920K, reserved 1048576K
}
Event: 36.679 GC heap after
{Heap after GC invocations=1 (full 0):
 garbage-first heap   total 131072K, used 2876K [0x0000000740000000, 0x00000007c0000000)
  region size 1024K, 2 young (2048K), 2 survivors (2048K)
 Metaspace       used 15875K, capacity 16297K, committed 16512K, reserved 1064960K
  class space    used 1640K, capacity 1853K, committed 1920K, reserved 1048576K
}
Event: 49109.608 GC heap before
{Heap before GC invocations=1 (full 0):
 garbage-first heap   total 131072K, used 10044K [0x0000000740000000, 0x00000007c0000000)
  region size 1024K, 9 young (9216K), 2 survivors (2048K)
 Metaspace       used 17139K, capacity 17542K, committed 17920K, reserved 1064960K
  class space    used 1723K, capacity 1925K, committed 2048K, reserved 1048576K
}
Event: 49109.645 GC heap after
{Heap after GC invocations=2 (full 0):
 garbage-first heap   total 131072K, used 3327K [0x0000000740000000, 0x00000007c0000000)
  region size 1024K, 1 young (1024K), 1 survivors (1024K)
 Metaspace       used 17139K, capacity 17542K, committed 17920K, reserved 1064960K
  class space    used 1723K, capacity 1925K, committed 2048K, reserved 1048576K
}

Deoptimization events (10 events):
Event: 2.164 Thread 0x00007fb4ba362800 Uncommon trap: reason=unstable_if action=reinterpret pc=0x000000012600d7f8 method=java.lang.String.isLatin1()Z @ 10 c2
Event: 4.150 Thread 0x00007fb4ba362800 Uncommon trap: reason=unstable_if action=reinterpret pc=0x000000012604f8e4 method=java.lang.StringLatin1.toLowerCase(Ljava/lang/String;[BLjava/util/Locale;)Ljava/lang/String; @ 40 c2
Event: 6.059 Thread 0x00007fb4ba362800 Uncommon trap: reason=class_check action=maybe_recompile pc=0x0000000125ffe1e4 method=java.lang.String.equals(Ljava/lang/Object;)Z @ 8 c2
Event: 6.059 Thread 0x00007fb4ba362800 Uncommon trap: reason=class_check action=maybe_recompile pc=0x0000000125ffe1e4 method=java.lang.String.equals(Ljava/lang/Object;)Z @ 8 c2
Event: 6.059 Thread 0x00007fb4ba362800 Uncommon trap: reason=class_check action=maybe_recompile pc=0x0000000125ffe1e4 method=java.lang.String.equals(Ljava/lang/Object;)Z @ 8 c2
Event: 6.059 Thread 0x00007fb4ba362800 Uncommon trap: reason=class_check action=maybe_recompile pc=0x0000000125ffe1e4 method=java.lang.String.equals(Ljava/lang/Object;)Z @ 8 c2
Event: 15.327 Thread 0x00007fb4ba362800 Uncommon trap: reason=range_check action=reinterpret pc=0x000000012600b0a0 method=java.lang.StringLatin1.charAt([BI)C @ 1 c2
Event: 15.471 Thread 0x00007fb4ba362800 Uncommon trap: reason=range_check action=reinterpret pc=0x000000012601dfd8 method=java.lang.StringLatin1.charAt([BI)C @ 1 c2
Event: 59.358 Thread 0x00007fb4ba362800 Uncommon trap: reason=unstable_if action=reinterpret pc=0x000000012603ac58 method=java.lang.ref.ReferenceQueue.poll()Ljava/lang/ref/Reference; @ 4 c2
Event: 31101.318 Thread 0x00007fb4bb2cd000 Uncommon trap: reason=unstable_if action=reinterpret pc=0x000000012608aa90 method=sun.java2d.opengl.OGLRenderQueue$QueueFlusher.run()V @ 34 c2

Classes redefined (0 events):
No events

Internal exceptions (10 events):
Event: 36.510 Thread 0x00007fb4ba362800 Exception <a 'java/lang/StringIndexOutOfBoundsException'{0x00000007472ee9a8}> (0x00000007472ee9a8) thrown at [/scratch/mesos/slaves/9190d864-6621-4810-ba08-d8d8c75ba674-S34/frameworks/1735e8a2-a1db-478c-8104-60c8b0af87dd-0196/executors/f87b4890-2412-429e-
Event: 36.671 Thread 0x00007fb4ba362800 Exception <a 'java/lang/StringIndexOutOfBoundsException'{0x00000007472fc0e0}> (0x00000007472fc0e0) thrown at [/scratch/mesos/slaves/9190d864-6621-4810-ba08-d8d8c75ba674-S34/frameworks/1735e8a2-a1db-478c-8104-60c8b0af87dd-0196/executors/f87b4890-2412-429e-
Event: 36.671 Thread 0x00007fb4ba362800 Exception <a 'java/lang/StringIndexOutOfBoundsException'{0x00000007472fc0e0}> (0x00000007472fc0e0) thrown at [/scratch/mesos/slaves/9190d864-6621-4810-ba08-d8d8c75ba674-S34/frameworks/1735e8a2-a1db-478c-8104-60c8b0af87dd-0196/executors/f87b4890-2412-429e-
Event: 36.680 Thread 0x00007fb4b981d000 Exception <a 'java/lang/NullPointerException'{0x0000000747f80800}> (0x0000000747f80800) thrown at [/scratch/mesos/slaves/9190d864-6621-4810-ba08-d8d8c75ba674-S34/frameworks/1735e8a2-a1db-478c-8104-60c8b0af87dd-0196/executors/f87b4890-2412-429e-bdfd-83788a
Event: 60.231 Thread 0x00007fb4ba362800 Exception <a 'java/lang/StringIndexOutOfBoundsException'{0x0000000747c0d880}> (0x0000000747c0d880) thrown at [/scratch/mesos/slaves/9190d864-6621-4810-ba08-d8d8c75ba674-S34/frameworks/1735e8a2-a1db-478c-8104-60c8b0af87dd-0196/executors/f87b4890-2412-429e-
Event: 60.231 Thread 0x00007fb4ba362800 Exception <a 'java/lang/StringIndexOutOfBoundsException'{0x0000000747c0d880}> (0x0000000747c0d880) thrown at [/scratch/mesos/slaves/9190d864-6621-4810-ba08-d8d8c75ba674-S34/frameworks/1735e8a2-a1db-478c-8104-60c8b0af87dd-0196/executors/f87b4890-2412-429e-
Event: 60.383 Thread 0x00007fb4ba362800 Exception <a 'java/lang/StringIndexOutOfBoundsException'{0x0000000747c1afb8}> (0x0000000747c1afb8) thrown at [/scratch/mesos/slaves/9190d864-6621-4810-ba08-d8d8c75ba674-S34/frameworks/1735e8a2-a1db-478c-8104-60c8b0af87dd-0196/executors/f87b4890-2412-429e-
Event: 60.383 Thread 0x00007fb4ba362800 Exception <a 'java/lang/StringIndexOutOfBoundsException'{0x0000000747c1afb8}> (0x0000000747c1afb8) thrown at [/scratch/mesos/slaves/9190d864-6621-4810-ba08-d8d8c75ba674-S34/frameworks/1735e8a2-a1db-478c-8104-60c8b0af87dd-0196/executors/f87b4890-2412-429e-
Event: 60.534 Thread 0x00007fb4ba362800 Exception <a 'java/lang/StringIndexOutOfBoundsException'{0x0000000747c286f0}> (0x0000000747c286f0) thrown at [/scratch/mesos/slaves/9190d864-6621-4810-ba08-d8d8c75ba674-S34/frameworks/1735e8a2-a1db-478c-8104-60c8b0af87dd-0196/executors/f87b4890-2412-429e-
Event: 60.534 Thread 0x00007fb4ba362800 Exception <a 'java/lang/StringIndexOutOfBoundsException'{0x0000000747c286f0}> (0x0000000747c286f0) thrown at [/scratch/mesos/slaves/9190d864-6621-4810-ba08-d8d8c75ba674-S34/frameworks/1735e8a2-a1db-478c-8104-60c8b0af87dd-0196/executors/f87b4890-2412-429e-

Events (10 events):
Event: 49083.879 loading class java/util/regex/MatchResult done
Event: 49083.879 loading class java/util/regex/Matcher done
Event: 49083.879 loading class java/util/regex/IntHashSet
Event: 49083.880 loading class java/util/regex/IntHashSet done
Event: 49083.880 loading class java/util/regex/ASCII
Event: 49083.880 loading class java/util/regex/ASCII done
Event: 49108.053 loading class java/security/DomainCombiner
Event: 49108.055 loading class java/security/DomainCombiner done
Event: 49109.605 Executing VM operation: G1IncCollectionPause
Event: 49109.646 Executing VM operation: G1IncCollectionPause done


Dynamic libraries:
0x00007fff4d069000 	/System/Library/Frameworks/Cocoa.framework/Versions/A/Cocoa
0x00007fff59682000 	/System/Library/Frameworks/Security.framework/Versions/A/Security
0x00007fff4bcab000 	/System/Library/Frameworks/ApplicationServices.framework/Versions/A/ApplicationServices
0x00007fff754ca000 	/usr/lib/libz.1.dylib
0x00007fff733fb000 	/usr/lib/libSystem.B.dylib
0x00007fff4d81c000 	/System/Library/Frameworks/CoreFoundation.framework/Versions/A/CoreFoundation
0x00007fff4f97d000 	/System/Library/Frameworks/Foundation.framework/Versions/C/Foundation
0x00007fff74ab4000 	/usr/lib/libobjc.A.dylib
0x00007fff4adfb000 	/System/Library/Frameworks/AppKit.framework/Versions/C/AppKit
0x00007fff4d3e1000 	/System/Library/Frameworks/CoreData.framework/Versions/A/CoreData
0x00007fff6cd40000 	/System/Library/PrivateFrameworks/RemoteViewServices.framework/Versions/A/RemoteViewServices
0x00007fff714a0000 	/System/Library/PrivateFrameworks/UIFoundation.framework/Versions/A/UIFoundation
0x00007fff61b4a000 	/System/Library/PrivateFrameworks/DFRFoundation.framework/Versions/A/DFRFoundation
0x00007fff51fe9000 	/System/Library/Frameworks/Metal.framework/Versions/A/Metal
0x00007fff61ce7000 	/System/Library/PrivateFrameworks/DesktopServicesPriv.framework/Versions/A/DesktopServicesPriv
0x00007fff74001000 	/usr/lib/libenergytrace.dylib
0x00007fff6f50b000 	/System/Library/PrivateFrameworks/SkyLight.framework/Versions/A/SkyLight
0x00007fff4dcbf000 	/System/Library/Frameworks/CoreGraphics.framework/Versions/A/CoreGraphics
0x00007fff733f6000 	/usr/lib/libScreenReader.dylib
0x00007fff49d95000 	/System/Library/Frameworks/Accelerate.framework/Versions/A/Accelerate
0x00007fff500f7000 	/System/Library/Frameworks/IOSurface.framework/Versions/A/IOSurface
0x00007fff4c1f5000 	/System/Library/Frameworks/AudioToolbox.framework/Versions/A/AudioToolbox
0x00007fff4c485000 	/System/Library/Frameworks/AudioUnit.framework/Versions/A/AudioUnit
0x00007fff61be2000 	/System/Library/PrivateFrameworks/DataDetectorsCore.framework/Versions/A/DataDetectorsCore
0x00007fff4cb5c000 	/System/Library/Frameworks/Carbon.framework/Versions/A/Frameworks/HIToolbox.framework/Versions/A/HIToolbox
0x00007fff7415b000 	/usr/lib/libicucore.A.dylib
0x00007fff58c01000 	/System/Library/Frameworks/QuartzCore.framework/Versions/A/QuartzCore
0x00007fff6e7c2000 	/System/Library/PrivateFrameworks/SignpostNotification.framework/Versions/A/SignpostNotification
0x00007fff4cf42000 	/System/Library/Frameworks/Carbon.framework/Versions/A/Frameworks/SpeechRecognition.framework/Versions/A/SpeechRecognition
0x00007fff73557000 	/usr/lib/libauto.dylib
0x00007fff753b9000 	/usr/lib/libxml2.2.dylib
0x00007fff6179b000 	/System/Library/PrivateFrameworks/CoreUI.framework/Versions/A/CoreUI
0x00007fff4d2bd000 	/System/Library/Frameworks/CoreAudio.framework/Versions/A/CoreAudio
0x00007fff4f7b7000 	/System/Library/Frameworks/DiskArbitration.framework/Versions/A/DiskArbitration
0x00007fff743cf000 	/usr/lib/liblangid.dylib
0x00007fff69246000 	/System/Library/PrivateFrameworks/MultitouchSupport.framework/Versions/A/MultitouchSupport
0x00007fff5005a000 	/System/Library/Frameworks/IOKit.framework/Versions/A/IOKit
0x00007fff73085000 	/usr/lib/libDiagnosticMessagesClient.dylib
0x00007fff4e995000 	/System/Library/Frameworks/CoreServices.framework/Versions/A/CoreServices
0x00007fff6ad78000 	/System/Library/PrivateFrameworks/PerformanceAnalysis.framework/Versions/A/PerformanceAnalysis
0x00007fff57da3000 	/System/Library/Frameworks/OpenGL.framework/Versions/A/OpenGL
0x00007fff4d077000 	/System/Library/Frameworks/ColorSync.framework/Versions/A/ColorSync
0x00007fff4e2d1000 	/System/Library/Frameworks/CoreImage.framework/Versions/A/CoreImage
0x00007fff4f325000 	/System/Library/Frameworks/CoreText.framework/Versions/A/CoreText
0x00007fff50155000 	/System/Library/Frameworks/ImageIO.framework/Versions/A/ImageIO
0x00007fff5e492000 	/System/Library/PrivateFrameworks/Backup.framework/Versions/A/Backup
0x00007fff734a7000 	/usr/lib/libarchive.2.dylib
0x00007fff4c7a8000 	/System/Library/Frameworks/CFNetwork.framework/Versions/A/CFNetwork
0x00007fff59e15000 	/System/Library/Frameworks/SystemConfiguration.framework/Versions/A/SystemConfiguration
0x00007fff72fae000 	/usr/lib/libCRFSuite.dylib
0x00007fff73630000 	/usr/lib/libc++.1.dylib
0x00007fff73687000 	/usr/lib/libc++abi.dylib
0x00007fff75578000 	/usr/lib/system/libcache.dylib
0x00007fff7557d000 	/usr/lib/system/libcommonCrypto.dylib
0x00007fff75588000 	/usr/lib/system/libcompiler_rt.dylib
0x00007fff75590000 	/usr/lib/system/libcopyfile.dylib
0x00007fff7559a000 	/usr/lib/system/libcorecrypto.dylib
0x00007fff756a7000 	/usr/lib/system/libdispatch.dylib
0x00007fff756e1000 	/usr/lib/system/libdyld.dylib
0x00007fff756ff000 	/usr/lib/system/libkeymgr.dylib
0x00007fff7570d000 	/usr/lib/system/liblaunch.dylib
0x00007fff7570e000 	/usr/lib/system/libmacho.dylib
0x00007fff75713000 	/usr/lib/system/libquarantine.dylib
0x00007fff75716000 	/usr/lib/system/libremovefile.dylib
0x00007fff75718000 	/usr/lib/system/libsystem_asl.dylib
0x00007fff75730000 	/usr/lib/system/libsystem_blocks.dylib
0x00007fff75731000 	/usr/lib/system/libsystem_c.dylib
0x00007fff757bb000 	/usr/lib/system/libsystem_configuration.dylib
0x00007fff757bf000 	/usr/lib/system/libsystem_coreservices.dylib
0x00007fff757c3000 	/usr/lib/system/libsystem_darwin.dylib
0x00007fff757c5000 	/usr/lib/system/libsystem_dnssd.dylib
0x00007fff757cc000 	/usr/lib/system/libsystem_info.dylib
0x00007fff7583d000 	/usr/lib/system/libsystem_m.dylib
0x00007fff75889000 	/usr/lib/system/libsystem_malloc.dylib
0x00007fff758a9000 	/usr/lib/system/libsystem_network.dylib
0x00007fff759da000 	/usr/lib/system/libsystem_networkextension.dylib
0x00007fff759e5000 	/usr/lib/system/libsystem_notify.dylib
0x00007fff75a03000 	/usr/lib/system/libsystem_sandbox.dylib
0x00007fff75a07000 	/usr/lib/system/libsystem_secinit.dylib
0x00007fff75816000 	/usr/lib/system/libsystem_kernel.dylib
0x00007fff759ef000 	/usr/lib/system/libsystem_platform.dylib
0x00007fff759f7000 	/usr/lib/system/libsystem_pthread.dylib
0x00007fff75a09000 	/usr/lib/system/libsystem_symptoms.dylib
0x00007fff75a11000 	/usr/lib/system/libsystem_trace.dylib
0x00007fff75a26000 	/usr/lib/system/libunwind.dylib
0x00007fff75a2c000 	/usr/lib/system/libxpc.dylib
0x00007fff72ec1000 	/usr/lib/closure/libclosured.dylib
0x00007fff73611000 	/usr/lib/libbsm.0.dylib
0x00007fff75700000 	/usr/lib/system/libkxld.dylib
0x00007fff732bf000 	/usr/lib/libOpenScriptingUtil.dylib
0x00007fff73980000 	/usr/lib/libcoretls.dylib
0x00007fff73999000 	/usr/lib/libcoretls_cfhelpers.dylib
0x00007fff74eb5000 	/usr/lib/libpam.2.dylib
0x00007fff74fdc000 	/usr/lib/libsqlite3.dylib
0x00007fff753a8000 	/usr/lib/libxar.1.dylib
0x00007fff73622000 	/usr/lib/libbz2.1.0.dylib
0x00007fff743d1000 	/usr/lib/liblzma.5.dylib
0x00007fff748b2000 	/usr/lib/libnetwork.dylib
0x00007fff73490000 	/usr/lib/libapple_nghttp2.dylib
0x00007fff74ebc000 	/usr/lib/libpcap.A.dylib
0x00007fff73558000 	/usr/lib/libboringssl.dylib
0x00007fff75343000 	/usr/lib/libusrtcp.dylib
0x00007fff7348f000 	/usr/lib/libapple_crypto.dylib
0x00007fff4ed18000 	/System/Library/Frameworks/CoreServices.framework/Versions/A/Frameworks/FSEvents.framework/Versions/A/FSEvents
0x00007fff4ea0b000 	/System/Library/Frameworks/CoreServices.framework/Versions/A/Frameworks/CarbonCore.framework/Versions/A/CarbonCore
0x00007fff4eedf000 	/System/Library/Frameworks/CoreServices.framework/Versions/A/Frameworks/Metadata.framework/Versions/A/Metadata
0x00007fff4ef90000 	/System/Library/Frameworks/CoreServices.framework/Versions/A/Frameworks/OSServices.framework/Versions/A/OSServices
0x00007fff4eff1000 	/System/Library/Frameworks/CoreServices.framework/Versions/A/Frameworks/SearchKit.framework/Versions/A/SearchKit
0x00007fff4e996000 	/System/Library/Frameworks/CoreServices.framework/Versions/A/Frameworks/AE.framework/Versions/A/AE
0x00007fff4ed21000 	/System/Library/Frameworks/CoreServices.framework/Versions/A/Frameworks/LaunchServices.framework/Versions/A/LaunchServices
0x00007fff4ece3000 	/System/Library/Frameworks/CoreServices.framework/Versions/A/Frameworks/DictionaryServices.framework/Versions/A/DictionaryServices
0x00007fff4f060000 	/System/Library/Frameworks/CoreServices.framework/Versions/A/Frameworks/SharedFileList.framework/Versions/A/SharedFileList
0x00007fff5321f000 	/System/Library/Frameworks/NetFS.framework/Versions/A/NetFS
0x00007fff694d7000 	/System/Library/PrivateFrameworks/NetAuth.framework/Versions/A/NetAuth
0x00007fff72d58000 	/System/Library/PrivateFrameworks/login.framework/Versions/A/Frameworks/loginsupport.framework/Versions/A/loginsupport
0x00007fff7111d000 	/System/Library/PrivateFrameworks/TCC.framework/Versions/A/TCC
0x00007fff744b2000 	/usr/lib/libmecabra.dylib
0x00007fff4bcac000 	/System/Library/Frameworks/ApplicationServices.framework/Versions/A/Frameworks/ATS.framework/Versions/A/ATS
0x00007fff4c05a000 	/System/Library/Frameworks/ApplicationServices.framework/Versions/A/Frameworks/ColorSyncLegacy.framework/Versions/A/ColorSyncLegacy
0x00007fff4c0fe000 	/System/Library/Frameworks/ApplicationServices.framework/Versions/A/Frameworks/HIServices.framework/Versions/A/HIServices
0x00007fff4c151000 	/System/Library/Frameworks/ApplicationServices.framework/Versions/A/Frameworks/LangAnalysis.framework/Versions/A/LangAnalysis
0x00007fff4c160000 	/System/Library/Frameworks/ApplicationServices.framework/Versions/A/Frameworks/PrintCore.framework/Versions/A/PrintCore
0x00007fff4c1ad000 	/System/Library/Frameworks/ApplicationServices.framework/Versions/A/Frameworks/QD.framework/Versions/A/QD
0x00007fff4c1e8000 	/System/Library/Frameworks/ApplicationServices.framework/Versions/A/Frameworks/SpeechSynthesis.framework/Versions/A/SpeechSynthesis
0x00007fff4d738000 	/System/Library/Frameworks/CoreDisplay.framework/Versions/A/CoreDisplay
0x00007fff49dad000 	/System/Library/Frameworks/Accelerate.framework/Versions/A/Frameworks/vImage.framework/Versions/A/vImage
0x00007fff4ab07000 	/System/Library/Frameworks/Accelerate.framework/Versions/A/Frameworks/vecLib.framework/Versions/A/vecLib
0x00007fff4a8a7000 	/System/Library/Frameworks/Accelerate.framework/Versions/A/Frameworks/vecLib.framework/Versions/A/libvDSP.dylib
0x00007fff4a407000 	/System/Library/Frameworks/Accelerate.framework/Versions/A/Frameworks/vecLib.framework/Versions/A/libBNNS.dylib
0x00007fff4a80c000 	/System/Library/Frameworks/Accelerate.framework/Versions/A/Frameworks/vecLib.framework/Versions/A/libQuadrature.dylib
0x00007fff4aa55000 	/System/Library/Frameworks/Accelerate.framework/Versions/A/Frameworks/vecLib.framework/Versions/A/libvMisc.dylib
0x00007fff4a436000 	/System/Library/Frameworks/Accelerate.framework/Versions/A/Frameworks/vecLib.framework/Versions/A/libLAPACK.dylib
0x00007fff4a2ac000 	/System/Library/Frameworks/Accelerate.framework/Versions/A/Frameworks/vecLib.framework/Versions/A/libBLAS.dylib
0x00007fff4a7f6000 	/System/Library/Frameworks/Accelerate.framework/Versions/A/Frameworks/vecLib.framework/Versions/A/libLinearAlgebra.dylib
0x00007fff4a812000 	/System/Library/Frameworks/Accelerate.framework/Versions/A/Frameworks/vecLib.framework/Versions/A/libSparse.dylib
0x00007fff4a893000 	/System/Library/Frameworks/Accelerate.framework/Versions/A/Frameworks/vecLib.framework/Versions/A/libSparseBLAS.dylib
0x00007fff66326000 	/System/Library/PrivateFrameworks/GPUWrangler.framework/Versions/A/GPUWrangler
0x00007fff67ab7000 	/System/Library/PrivateFrameworks/IOAccelerator.framework/Versions/A/IOAccelerator
0x00007fff67ac2000 	/System/Library/PrivateFrameworks/IOPresentment.framework/Versions/A/IOPresentment
0x00007fff61b5c000 	/System/Library/PrivateFrameworks/DSExternalDisplay.framework/Versions/A/DSExternalDisplay
0x00007fff57222000 	/System/Library/Frameworks/OpenGL.framework/Versions/A/Libraries/libCoreFSCache.dylib
0x00007fff4f476000 	/System/Library/Frameworks/CoreVideo.framework/Versions/A/CoreVideo
0x00007fff670a1000 	/System/Library/PrivateFrameworks/GraphVisualizer.framework/Versions/A/GraphVisualizer
0x00007fff52220000 	/System/Library/Frameworks/MetalPerformanceShaders.framework/Versions/A/MetalPerformanceShaders
0x00007fff730bd000 	/usr/lib/libFosl_dynamic.dylib
0x00007fff62c30000 	/System/Library/PrivateFrameworks/FaceCore.framework/Versions/A/FaceCore
0x00007fff5601d000 	/System/Library/Frameworks/OpenCL.framework/Versions/A/OpenCL
0x00007fff736be000 	/usr/lib/libcompression.dylib
0x00007fff4bdab000 	/System/Library/Frameworks/ApplicationServices.framework/Versions/A/Frameworks/ATS.framework/Versions/A/Resources/libFontParser.dylib
0x00007fff4bece000 	/System/Library/Frameworks/ApplicationServices.framework/Versions/A/Frameworks/ATS.framework/Versions/A/Resources/libFontRegistry.dylib
0x00007fff503bd000 	/System/Library/Frameworks/ImageIO.framework/Versions/A/Resources/libJPEG.dylib
0x00007fff506e6000 	/System/Library/Frameworks/ImageIO.framework/Versions/A/Resources/libTIFF.dylib
0x00007fff506bc000 	/System/Library/Frameworks/ImageIO.framework/Versions/A/Resources/libPng.dylib
0x00007fff502d0000 	/System/Library/Frameworks/ImageIO.framework/Versions/A/Resources/libGIF.dylib
0x00007fff502d5000 	/System/Library/Frameworks/ImageIO.framework/Versions/A/Resources/libJP2.dylib
0x00007fff506e3000 	/System/Library/Frameworks/ImageIO.framework/Versions/A/Resources/libRadiance.dylib
0x00007fff5dbbd000 	/System/Library/PrivateFrameworks/AppleJPEG.framework/Versions/A/AppleJPEG
0x00007fff52087000 	/System/Library/Frameworks/MetalPerformanceShaders.framework/Frameworks/MPSCore.framework/Versions/A/MPSCore
0x00007fff520a3000 	/System/Library/Frameworks/MetalPerformanceShaders.framework/Frameworks/MPSImage.framework/Versions/A/MPSImage
0x00007fff52138000 	/System/Library/Frameworks/MetalPerformanceShaders.framework/Frameworks/MPSNeuralNetwork.framework/Versions/A/MPSNeuralNetwork
0x00007fff52113000 	/System/Library/Frameworks/MetalPerformanceShaders.framework/Frameworks/MPSMatrix.framework/Versions/A/MPSMatrix
0x00007fff68fb8000 	/System/Library/PrivateFrameworks/MetalTools.framework/Versions/A/MetalTools
0x00007fff573ed000 	/System/Library/Frameworks/OpenGL.framework/Versions/A/Libraries/libGLU.dylib
0x00007fff5722d000 	/System/Library/Frameworks/OpenGL.framework/Versions/A/Libraries/libGFXShared.dylib
0x00007fff57237000 	/System/Library/Frameworks/OpenGL.framework/Versions/A/Libraries/libGL.dylib
0x00007fff57243000 	/System/Library/Frameworks/OpenGL.framework/Versions/A/Libraries/libGLImage.dylib
0x00007fff5721f000 	/System/Library/Frameworks/OpenGL.framework/Versions/A/Libraries/libCVMSPluginSupport.dylib
0x00007fff57228000 	/System/Library/Frameworks/OpenGL.framework/Versions/A/Libraries/libCoreVMClient.dylib
0x00007fff73e6b000 	/usr/lib/libcups.2.dylib
0x00007fff515ee000 	/System/Library/Frameworks/Kerberos.framework/Versions/A/Kerberos
0x00007fff4fdb4000 	/System/Library/Frameworks/GSS.framework/Versions/A/GSS
0x00007fff74f6f000 	/usr/lib/libresolv.9.dylib
0x00007fff74069000 	/usr/lib/libiconv.2.dylib
0x00007fff67133000 	/System/Library/PrivateFrameworks/Heimdal.framework/Versions/A/Heimdal
0x00007fff74038000 	/usr/lib/libheimdal-asn1.dylib
0x00007fff56095000 	/System/Library/Frameworks/OpenDirectory.framework/Versions/A/OpenDirectory
0x00007fff5fed3000 	/System/Library/PrivateFrameworks/CommonAuth.framework/Versions/A/CommonAuth
0x00007fff56078000 	/System/Library/Frameworks/OpenDirectory.framework/Versions/A/Frameworks/CFOpenDirectory.framework/Versions/A/CFOpenDirectory
0x00007fff599ae000 	/System/Library/Frameworks/SecurityFoundation.framework/Versions/A/SecurityFoundation
0x00007fff5cd82000 	/System/Library/PrivateFrameworks/APFS.framework/Versions/A/APFS
0x00007fff753a4000 	/usr/lib/libutil.dylib
0x00007fff5dc40000 	/System/Library/PrivateFrameworks/AppleSauce.framework/Versions/A/AppleSauce
0x00007fff6829f000 	/System/Library/PrivateFrameworks/LinguisticData.framework/Versions/A/LinguisticData
0x00007fff743eb000 	/usr/lib/libmarisa.dylib
0x00007fff68259000 	/System/Library/PrivateFrameworks/Lexicon.framework/Versions/A/Lexicon
0x00007fff72fe8000 	/usr/lib/libChineseTokenizer.dylib
0x00007fff736ad000 	/usr/lib/libcmph.dylib
0x00007fff68163000 	/System/Library/PrivateFrameworks/LanguageModeling.framework/Versions/A/LanguageModeling
0x00007fff609e2000 	/System/Library/PrivateFrameworks/CoreEmoji.framework/Versions/A/CoreEmoji
0x00007fff59a6c000 	/System/Library/Frameworks/ServiceManagement.framework/Versions/A/ServiceManagement
0x00007fff5e48a000 	/System/Library/PrivateFrameworks/BackgroundTaskManagement.framework/Versions/A/BackgroundTaskManagement
0x00007fff754a1000 	/usr/lib/libxslt.1.dylib
0x00007fff4ce6c000 	/System/Library/Frameworks/Carbon.framework/Versions/A/Frameworks/Ink.framework/Versions/A/Ink
0x00007fff71332000 	/System/Library/PrivateFrameworks/TextureIO.framework/Versions/A/TextureIO
0x00007fff734d2000 	/usr/lib/libate.dylib
0x00007fff61abc000 	/System/Library/PrivateFrameworks/CrashReporterSupport.framework/Versions/A/CrashReporterSupport
0x00007fff6e682000 	/System/Library/PrivateFrameworks/Sharing.framework/Versions/A/Sharing
0x00007fff67ea4000 	/System/Library/PrivateFrameworks/IconServices.framework/Versions/A/IconServices
0x00007fff5e0ba000 	/System/Library/PrivateFrameworks/AuthKit.framework/Versions/A/AuthKit
0x00007fff5da40000 	/System/Library/PrivateFrameworks/Apple80211.framework/Versions/A/Apple80211
0x00007fff618d1000 	/System/Library/PrivateFrameworks/CoreUtils.framework/Versions/A/CoreUtils
0x00007fff4f4b1000 	/System/Library/Frameworks/CoreWLAN.framework/Versions/A/CoreWLAN
0x00007fff4fef6000 	/System/Library/Frameworks/IOBluetooth.framework/Versions/A/IOBluetooth
0x00007fff6cb47000 	/System/Library/PrivateFrameworks/ProtocolBuffer.framework/Versions/A/ProtocolBuffer
0x00007fff691a1000 	/System/Library/PrivateFrameworks/MobileKeyBag.framework/Versions/A/MobileKeyBag
0x00007fff61186000 	/System/Library/PrivateFrameworks/CorePhoneNumbers.framework/Versions/A/CorePhoneNumbers
0x00007fff5db78000 	/System/Library/PrivateFrameworks/AppleIDAuthSupport.framework/Versions/A/AppleIDAuthSupport
0x00007fff6814f000 	/System/Library/PrivateFrameworks/KeychainCircle.framework/Versions/A/KeychainCircle
0x00007fff61a57000 	/System/Library/PrivateFrameworks/CoreWiFi.framework/Versions/A/CoreWiFi
0x00007fff4d3b7000 	/System/Library/Frameworks/CoreBluetooth.framework/Versions/A/CoreBluetooth
0x00007fff61ca6000 	/System/Library/PrivateFrameworks/DebugSymbols.framework/Versions/A/DebugSymbols
0x00007fff61687000 	/System/Library/PrivateFrameworks/CoreSymbolication.framework/Versions/A/CoreSymbolication
0x00007fff70b23000 	/System/Library/PrivateFrameworks/Symbolication.framework/Versions/A/Symbolication
0x00007fff5da6a000 	/System/Library/PrivateFrameworks/AppleFSCompression.framework/Versions/A/AppleFSCompression
0x00007fff6ff70000 	/System/Library/PrivateFrameworks/SpeechRecognitionCore.framework/Versions/A/SpeechRecognitionCore
0x000000010b633000 	/Library/Java/JavaVirtualMachines/jdk-10.0.2.jdk/Contents/Home/lib/server/libjvm.dylib
0x00007fff75271000 	/usr/lib/libstdc++.6.0.9.dylib
0x000000010c3d3000 	/Library/Java/JavaVirtualMachines/jdk-10.0.2.jdk/Contents/Home/lib/libverify.dylib
0x000000010cd02000 	/Library/Java/JavaVirtualMachines/jdk-10.0.2.jdk/Contents/Home/lib/libjava.dylib
0x000000010c3e3000 	/Library/Java/JavaVirtualMachines/jdk-10.0.2.jdk/Contents/Home/lib/libinstrument.dylib
0x000000010cdaf000 	/Library/Java/JavaVirtualMachines/jdk-10.0.2.jdk/Contents/Home/lib/libzip.dylib
0x000000010cdb7000 	/Library/Java/JavaVirtualMachines/jdk-10.0.2.jdk/Contents/Home/lib/libjimage.dylib
0x0000000112eb8000 	/Library/Java/JavaVirtualMachines/jdk-10.0.2.jdk/Contents/Home/lib/libnio.dylib
0x0000000112ec8000 	/Library/Java/JavaVirtualMachines/jdk-10.0.2.jdk/Contents/Home/lib/./libnet.dylib
0x0000000112f67000 	/Library/Java/JavaVirtualMachines/jdk-10.0.2.jdk/Contents/Home/lib/libawt.dylib
0x000000011300c000 	/Library/Java/JavaVirtualMachines/jdk-10.0.2.jdk/Contents/Home/lib/./libmlib_image.dylib
0x00007fff515d7000 	/System/Library/Frameworks/JavaVM.framework/Versions/A/Frameworks/JavaNativeFoundation.framework/Versions/A/JavaNativeFoundation
0x00007fff515e0000 	/System/Library/Frameworks/JavaVM.framework/Versions/A/Frameworks/JavaRuntimeSupport.framework/Versions/A/JavaRuntimeSupport
0x00007fff515e9000 	/System/Library/Frameworks/JavaVM.framework/Versions/A/JavaVM
0x00007fff68065000 	/System/Library/PrivateFrameworks/JavaLaunching.framework/Versions/A/JavaLaunching
0x00007fff4cb57000 	/System/Library/Frameworks/Carbon.framework/Versions/A/Carbon
0x00007fff4cb58000 	/System/Library/Frameworks/Carbon.framework/Versions/A/Frameworks/CommonPanels.framework/Versions/A/CommonPanels
0x00007fff4ce62000 	/System/Library/Frameworks/Carbon.framework/Versions/A/Frameworks/Help.framework/Versions/A/Help
0x00007fff4ce66000 	/System/Library/Frameworks/Carbon.framework/Versions/A/Frameworks/ImageCapture.framework/Versions/A/ImageCapture
0x00007fff4cf02000 	/System/Library/Frameworks/Carbon.framework/Versions/A/Frameworks/OpenScripting.framework/Versions/A/OpenScripting
0x00007fff4cf3d000 	/System/Library/Frameworks/Carbon.framework/Versions/A/Frameworks/Print.framework/Versions/A/Print
0x00007fff4cf3f000 	/System/Library/Frameworks/Carbon.framework/Versions/A/Frameworks/SecurityHI.framework/Versions/A/SecurityHI
0x000000011307a000 	/Library/Java/JavaVirtualMachines/jdk-10.0.2.jdk/Contents/Home/lib/libawt_lwawt.dylib
0x000000011313a000 	/Library/Java/JavaVirtualMachines/jdk-10.0.2.jdk/Contents/Home/lib/./libosxapp.dylib
0x00007fff4f956000 	/System/Library/Frameworks/ExceptionHandling.framework/Versions/A/ExceptionHandling
0x000000012f653000 	/Library/Java/JavaVirtualMachines/jdk-10.0.2.jdk/Contents/Home/lib/libfontmanager.dylib
0x00007fff61319000 	/System/Library/PrivateFrameworks/CoreServicesInternal.framework/Versions/A/CoreServicesInternal
0x00007fff45dd3000 	/System/Library/CoreServices/RawCamera.bundle/Contents/MacOS/RawCamera
0x00007fff6902a000 	/System/Library/PrivateFrameworks/MobileAsset.framework/Versions/A/MobileAsset
0x00007fff7042a000 	/System/Library/PrivateFrameworks/StreamingZip.framework/Versions/A/StreamingZip
0x00007fff5197d000 	/System/Library/Frameworks/MediaToolbox.framework/Versions/A/MediaToolbox
0x00007fff60621000 	/System/Library/PrivateFrameworks/CoreAVCHD.framework/Versions/A/CoreAVCHD
0x00007fff518c6000 	/System/Library/Frameworks/MediaAccessibility.framework/Versions/A/MediaAccessibility
0x00007fff68aa5000 	/System/Library/PrivateFrameworks/Mangrove.framework/Versions/A/Mangrove
0x00007fff4e84f000 	/System/Library/Frameworks/CoreMedia.framework/Versions/A/CoreMedia
0x00007fff5a03a000 	/System/Library/Frameworks/VideoToolbox.framework/Versions/A/VideoToolbox
0x00007fff60218000 	/System/Library/PrivateFrameworks/CoreAUC.framework/Versions/A/CoreAUC
0x00007fff74fda000 	/usr/lib/libspindump.dylib
0x00007fff5dd35000 	/System/Library/PrivateFrameworks/AppleVA.framework/Versions/A/AppleVA
0x00007fff49d96000 	/System/Library/Frameworks/Accelerate.framework/Versions/A/Frameworks/vImage.framework/Versions/A/Libraries/libCGInterfaces.dylib
0x00007fff4bfbd000 	/System/Library/Frameworks/ApplicationServices.framework/Versions/A/Frameworks/ATS.framework/Versions/A/Resources/libTrueTypeScaler.dylib
0x00007fff47730000 	/System/Library/Extensions/AppleIntelHD5000GraphicsMTLDriver.bundle/Contents/MacOS/AppleIntelHD5000GraphicsMTLDriver
0x00007fff64cba000 	/System/Library/PrivateFrameworks/GPUCompiler.framework/Versions/3802/Libraries/libmetal_timestamp.dylib
0x00007fff57db3000 	/System/Library/Frameworks/OpenGL.framework/Versions/A/Resources/GLEngine.bundle/GLEngine
0x00007fff5727f000 	/System/Library/Frameworks/OpenGL.framework/Versions/A/Libraries/libGLProgrammability.dylib
0x0000000133816000 	/System/Library/Extensions/AppleIntelHD5000GraphicsGLDriver.bundle/Contents/MacOS/AppleIntelHD5000GraphicsGLDriver
0x00007fff6631a000 	/System/Library/PrivateFrameworks/GPUSupport.framework/Versions/A/Libraries/libGPUSupportMercury.dylib
0x00007fff57f4b000 	/System/Library/Frameworks/OpenGL.framework/Versions/A/Resources/GLRendererFloat.bundle/GLRendererFloat
0x00007fff56014000 	/System/Library/Frameworks/OpenCL.framework/Versions/A/Libraries/libcldcpuengine.dylib
0x00007fff73b33000 	/usr/lib/libcrypto.35.dylib
0x00007fff71499000 	/System/Library/PrivateFrameworks/TrustEvaluationAgent.framework/Versions/A/TrustEvaluationAgent
0x0000000134cca000 	/Library/Java/JavaVirtualMachines/jdk-10.0.2.jdk/Contents/Home/lib/libosxui.dylib
0x00007fff72324000 	/System/Library/PrivateFrameworks/ViewBridge.framework/Versions/A/ViewBridge
0x00007fff72d5b000 	/System/Library/PrivateFrameworks/login.framework/Versions/A/login


VM Arguments:
jvm_args: -javaagent:/Applications/IntelliJ IDEA CE.app/Contents/lib/idea_rt.jar=57461:/Applications/IntelliJ IDEA CE.app/Contents/bin -Dfile.encoding=UTF-8 
java_command: ArabicToRomanTest
java_class_path (initial): /Users/Kyle_hall/test_project_output_path/production/S10_ArabicToRomanGUI
Launcher Type: SUN_STANDARD

Logging:
Log output configuration:
#0: stdout all=warning uptime,level,tags
#1: stderr all=off uptime,level,tags

Environment Variables:
PATH=/Library/Frameworks/Python.framework/Versions/3.6/bin:/Library/Frameworks/Python.framework/Versions/3.6/bin:/Users/Kyle_hall/anaconda3/bin:/usr/local/bin:/usr/bin:/bin:/usr/sbin:/sbin
SHELL=/bin/bash

Signal Handlers:
SIGSEGV: [libjvm.dylib+0x79ac14], sa_mask[0]=11111111011111110111111111111111, sa_flags=SA_ONSTACK|SA_RESTART|SA_SIGINFO
SIGBUS: [libjvm.dylib+0x79ac14], sa_mask[0]=11111111011111110111111111111111, sa_flags=SA_RESTART|SA_SIGINFO
SIGFPE: [libjvm.dylib+0x79ac14], sa_mask[0]=11111111011111110111111111111111, sa_flags=SA_RESTART|SA_SIGINFO
SIGPIPE: [libjvm.dylib+0x635960], sa_mask[0]=11111111011111110111111111111111, sa_flags=SA_RESTART|SA_SIGINFO
SIGXFSZ: [libjvm.dylib+0x635960], sa_mask[0]=11111111011111110111111111111111, sa_flags=SA_RESTART|SA_SIGINFO
SIGILL: [libjvm.dylib+0x79ac14], sa_mask[0]=11111111011111110111111111111111, sa_flags=SA_RESTART|SA_SIGINFO
SIGUSR2: [libjvm.dylib+0x6361f0], sa_mask[0]=00100000000000000000000000000000, sa_flags=SA_RESTART|SA_SIGINFO
SIGHUP: [libjvm.dylib+0x6349db], sa_mask[0]=11111111011111110111111111111111, sa_flags=SA_RESTART|SA_SIGINFO
SIGINT: [libjvm.dylib+0x6349db], sa_mask[0]=11111111011111110111111111111111, sa_flags=SA_RESTART|SA_SIGINFO
SIGTERM: [libjvm.dylib+0x6349db], sa_mask[0]=11111111011111110111111111111111, sa_flags=SA_RESTART|SA_SIGINFO
SIGQUIT: [libjvm.dylib+0x6349db], sa_mask[0]=11111111011111110111111111111111, sa_flags=SA_RESTART|SA_SIGINFO


---------------  S Y S T E M  ---------------

OS:uname:Darwin 17.7.0 Darwin Kernel Version 17.7.0: Thu Jun 21 22:53:14 PDT 2018; root:xnu-4570.71.2~1/RELEASE_X86_64 x86_64
rlimit: STACK 8192k, CORE 0k, NPROC 709, NOFILE 10240, AS infinity, DATA infinity, FSIZE infinity
load average:22.63 14.03 8.34

CPU:total 4 (initial active 4) (2 cores per cpu, 2 threads per core) family 6 model 69 stepping 1, cmov, cx8, fxsr, mmx, sse, sse2, sse3, ssse3, sse4.1, sse4.2, popcnt, avx, avx2, aes, clmul, erms, lzcnt, ht, tsc, tscinvbit, bmi1, bmi2, fma

Memory: 4k page, physical 8388608k(109124k free)

vm_info: Java HotSpot(TM) 64-Bit Server VM (10.0.2+13) for bsd-amd64 JRE (10.0.2+13), built on Jun 28 2018 00:49:51 by "mach5one" with gcc 4.2.1 Compatible Apple LLVM 6.1.0 (clang-602.0.49)

END.
